mode: set
github.com/ganganbiz1/go-nextjs-gcp-portfolio/backend/domain/service/article_service.go:28.20,33.2 1 1
github.com/ganganbiz1/go-nextjs-gcp-portfolio/backend/domain/service/article_service.go:35.79,37.16 2 1
github.com/ganganbiz1/go-nextjs-gcp-portfolio/backend/domain/service/article_service.go:37.16,39.3 1 1
github.com/ganganbiz1/go-nextjs-gcp-portfolio/backend/domain/service/article_service.go:40.2,40.14 1 1
github.com/ganganbiz1/go-nextjs-gcp-portfolio/backend/domain/service/article_service.go:40.14,42.3 1 1
github.com/ganganbiz1/go-nextjs-gcp-portfolio/backend/domain/service/article_service.go:43.2,43.52 1 1
github.com/ganganbiz1/go-nextjs-gcp-portfolio/backend/domain/service/article_service.go:43.52,45.3 1 1
github.com/ganganbiz1/go-nextjs-gcp-portfolio/backend/domain/service/article_service.go:46.2,46.12 1 1
github.com/ganganbiz1/go-nextjs-gcp-portfolio/backend/domain/service/article_service.go:49.91,51.2 1 0
github.com/ganganbiz1/go-nextjs-gcp-portfolio/backend/domain/service/article_service.go:53.92,55.2 1 0
github.com/ganganbiz1/go-nextjs-gcp-portfolio/backend/domain/service/article_service.go:57.79,59.16 2 0
github.com/ganganbiz1/go-nextjs-gcp-portfolio/backend/domain/service/article_service.go:59.16,61.3 1 0
github.com/ganganbiz1/go-nextjs-gcp-portfolio/backend/domain/service/article_service.go:62.2,62.14 1 0
github.com/ganganbiz1/go-nextjs-gcp-portfolio/backend/domain/service/article_service.go:62.14,64.3 1 0
github.com/ganganbiz1/go-nextjs-gcp-portfolio/backend/domain/service/article_service.go:66.2,67.16 2 0
github.com/ganganbiz1/go-nextjs-gcp-portfolio/backend/domain/service/article_service.go:67.16,69.3 1 0
github.com/ganganbiz1/go-nextjs-gcp-portfolio/backend/domain/service/article_service.go:70.2,70.14 1 0
github.com/ganganbiz1/go-nextjs-gcp-portfolio/backend/domain/service/article_service.go:70.14,72.3 1 0
github.com/ganganbiz1/go-nextjs-gcp-portfolio/backend/domain/service/article_service.go:74.2,74.52 1 0
github.com/ganganbiz1/go-nextjs-gcp-portfolio/backend/domain/service/article_service.go:74.52,76.3 1 0
github.com/ganganbiz1/go-nextjs-gcp-portfolio/backend/domain/service/article_service.go:77.2,77.12 1 0
github.com/ganganbiz1/go-nextjs-gcp-portfolio/backend/domain/service/article_service.go:79.76,81.2 1 0
github.com/ganganbiz1/go-nextjs-gcp-portfolio/backend/domain/service/user_service.go:32.17,37.2 1 1
github.com/ganganbiz1/go-nextjs-gcp-portfolio/backend/domain/service/user_service.go:39.90,41.16 2 1
github.com/ganganbiz1/go-nextjs-gcp-portfolio/backend/domain/service/user_service.go:41.16,43.3 1 0
github.com/ganganbiz1/go-nextjs-gcp-portfolio/backend/domain/service/user_service.go:45.2,45.17 1 1
github.com/ganganbiz1/go-nextjs-gcp-portfolio/backend/domain/service/user_service.go:45.17,47.3 1 0
github.com/ganganbiz1/go-nextjs-gcp-portfolio/backend/domain/service/user_service.go:49.2,50.16 2 1
github.com/ganganbiz1/go-nextjs-gcp-portfolio/backend/domain/service/user_service.go:50.16,52.3 1 0
github.com/ganganbiz1/go-nextjs-gcp-portfolio/backend/domain/service/user_service.go:54.2,54.17 1 1
github.com/ganganbiz1/go-nextjs-gcp-portfolio/backend/domain/service/user_service.go:54.17,56.3 1 0
github.com/ganganbiz1/go-nextjs-gcp-portfolio/backend/domain/service/user_service.go:58.2,59.16 2 1
github.com/ganganbiz1/go-nextjs-gcp-portfolio/backend/domain/service/user_service.go:59.16,61.3 1 0
github.com/ganganbiz1/go-nextjs-gcp-portfolio/backend/domain/service/user_service.go:63.2,70.18 1 1
github.com/ganganbiz1/go-nextjs-gcp-portfolio/backend/domain/service/user_service.go:70.18,72.3 1 1
github.com/ganganbiz1/go-nextjs-gcp-portfolio/backend/domain/service/user_service.go:74.2,74.12 1 1
github.com/ganganbiz1/go-nextjs-gcp-portfolio/backend/domain/service/user_service.go:77.95,79.16 2 0
github.com/ganganbiz1/go-nextjs-gcp-portfolio/backend/domain/service/user_service.go:79.16,81.3 1 0
github.com/ganganbiz1/go-nextjs-gcp-portfolio/backend/domain/service/user_service.go:83.2,84.16 2 0
github.com/ganganbiz1/go-nextjs-gcp-portfolio/backend/domain/service/user_service.go:84.16,86.3 1 0
github.com/ganganbiz1/go-nextjs-gcp-portfolio/backend/domain/service/user_service.go:88.2,88.17 1 0
github.com/ganganbiz1/go-nextjs-gcp-portfolio/backend/domain/service/user_service.go:88.17,90.3 1 0
github.com/ganganbiz1/go-nextjs-gcp-portfolio/backend/domain/service/user_service.go:92.2,93.16 2 0
github.com/ganganbiz1/go-nextjs-gcp-portfolio/backend/domain/service/user_service.go:93.16,95.3 1 0
github.com/ganganbiz1/go-nextjs-gcp-portfolio/backend/domain/service/user_service.go:97.2,97.17 1 0
github.com/ganganbiz1/go-nextjs-gcp-portfolio/backend/domain/service/user_service.go:97.17,99.3 1 0
github.com/ganganbiz1/go-nextjs-gcp-portfolio/backend/domain/service/user_service.go:101.2,101.49 1 0
github.com/ganganbiz1/go-nextjs-gcp-portfolio/backend/domain/service/user_service.go:101.49,103.3 1 0
github.com/ganganbiz1/go-nextjs-gcp-portfolio/backend/domain/service/user_service.go:105.2,105.12 1 0
github.com/ganganbiz1/go-nextjs-gcp-portfolio/backend/domain/service/user_service.go:108.79,110.16 2 0
github.com/ganganbiz1/go-nextjs-gcp-portfolio/backend/domain/service/user_service.go:110.16,112.3 1 0
github.com/ganganbiz1/go-nextjs-gcp-portfolio/backend/domain/service/user_service.go:114.2,114.17 1 0
github.com/ganganbiz1/go-nextjs-gcp-portfolio/backend/domain/service/user_service.go:114.17,116.3 1 0
github.com/ganganbiz1/go-nextjs-gcp-portfolio/backend/domain/service/user_service.go:119.2,126.18 1 0
github.com/ganganbiz1/go-nextjs-gcp-portfolio/backend/domain/service/user_service.go:126.18,128.3 1 0
github.com/ganganbiz1/go-nextjs-gcp-portfolio/backend/domain/service/user_service.go:130.2,130.12 1 0
github.com/ganganbiz1/go-nextjs-gcp-portfolio/backend/domain/service/user_service.go:133.100,135.16 2 0
github.com/ganganbiz1/go-nextjs-gcp-portfolio/backend/domain/service/user_service.go:135.16,137.3 1 0
github.com/ganganbiz1/go-nextjs-gcp-portfolio/backend/domain/service/user_service.go:139.2,139.12 1 0
github.com/ganganbiz1/go-nextjs-gcp-portfolio/backend/domain/service/user_service.go:139.12,141.3 1 0
github.com/ganganbiz1/go-nextjs-gcp-portfolio/backend/domain/service/user_service.go:143.2,143.53 1 0
github.com/ganganbiz1/go-nextjs-gcp-portfolio/backend/domain/service/user_service.go:146.81,148.45 2 1
github.com/ganganbiz1/go-nextjs-gcp-portfolio/backend/domain/service/user_service.go:148.45,150.3 1 1
github.com/ganganbiz1/go-nextjs-gcp-portfolio/backend/domain/service/user_service.go:151.2,151.43 1 1
github.com/ganganbiz1/go-nextjs-gcp-portfolio/backend/domain/service/user_service.go:151.43,153.3 1 1
github.com/ganganbiz1/go-nextjs-gcp-portfolio/backend/domain/service/user_service.go:155.2,155.15 1 1
github.com/ganganbiz1/go-nextjs-gcp-portfolio/backend/domain/service/user_service.go:159.66,170.12 7 0
github.com/ganganbiz1/go-nextjs-gcp-portfolio/backend/domain/service/user_service.go:170.12,171.10 1 0
github.com/ganganbiz1/go-nextjs-gcp-portfolio/backend/domain/service/user_service.go:172.21,175.10 3 0
github.com/ganganbiz1/go-nextjs-gcp-portfolio/backend/domain/service/user_service.go:176.29,177.10 1 0
github.com/ganganbiz1/go-nextjs-gcp-portfolio/backend/domain/service/user_service.go:177.10,181.5 3 0
github.com/ganganbiz1/go-nextjs-gcp-portfolio/backend/domain/service/user_service.go:185.2,187.12 3 0
github.com/ganganbiz1/go-nextjs-gcp-portfolio/backend/domain/service/user_service.go:187.12,191.3 3 0
github.com/ganganbiz1/go-nextjs-gcp-portfolio/backend/domain/service/user_service.go:193.2,194.12 2 0
github.com/ganganbiz1/go-nextjs-gcp-portfolio/backend/domain/service/user_service.go:194.12,197.3 2 0
github.com/ganganbiz1/go-nextjs-gcp-portfolio/backend/domain/service/user_service.go:199.2,203.16 3 0
github.com/ganganbiz1/go-nextjs-gcp-portfolio/backend/domain/service/user_service.go:203.16,205.3 1 0
github.com/ganganbiz1/go-nextjs-gcp-portfolio/backend/domain/service/user_service.go:207.2,207.12 1 0
